<?xml version="1.0" encoding="UTF-8" standalone="yes" ?>
<test-results name="C:\Users\lucas\OneDrive\Documents\Embarcadero\Studio\Projects\Delphi4PythonExporter\Tests\Win64\Debug\PythonExporterTest.exe" total="10" errors="0" failures="0" ignored="0" inconclusive="0" not-run="0" skipped="0" invalid="0" date="2022-03-03" time="48.382">
  <culture-info current-culture="en" current-uiculture="en" />
  <test-suite type="Assembly" name="PythonExporterTest.exe" executed="true" result="Success" success="True" time="48.382" asserts="0">
    <results>
        <test-suite type="Namespace" name="FMX" executed="true" result="Success" success="True" time="48.381" asserts="0" >
          <results>
              <test-suite type="Fixture" name="TFMXProducerTest" executed="True" result="Success" success="True" time="48.381" >
                <results>
                  <test-case name="CheckFormInheritance" executed="True" result="Success" success="True" time="0.000" asserts="0" />
                  <test-case name="GenerateApplication" executed="True" result="Success" success="True" time="0.004" asserts="0" />
                  <test-case name="GenerateForm" executed="True" result="Success" success="True" time="0.004" asserts="0" />
                  <test-case name="GenerateFormFileBin" executed="True" result="Success" success="True" time="0.052" asserts="0" />
                  <test-case name="GenerateFormFileTxt" executed="True" result="Success" success="True" time="25.315" asserts="0" />
                </results>
              </test-suite>
          </results>
        </test-suite>
        <test-suite type="Namespace" name="VCL" executed="true" result="Success" success="True" time="2.356" asserts="0" >
          <results>
              <test-suite type="Fixture" name="TVCLProducerTest" executed="True" result="Success" success="True" time="2.356" >
                <results>
                  <test-case name="CheckFormInheritance" executed="True" result="Success" success="True" time="0.000" asserts="0" />
                  <test-case name="GenerateApplication" executed="True" result="Success" success="True" time="0.002" asserts="0" />
                  <test-case name="GenerateForm" executed="True" result="Success" success="True" time="0.003" asserts="0" />
                  <test-case name="GenerateFormFileBin" executed="True" result="Success" success="True" time="0.021" asserts="0" />
                  <test-case name="GenerateFormFileTxt" executed="True" result="Success" success="True" time="2.276" asserts="0" />
                </results>
              </test-suite>
          </results>
        </test-suite>
    </results>
  </test-suite>
</test-results>
